<?xml version="1.0" encoding="UTF-8"?>
<testng-results skipped="0" failed="0" ignored="0" total="8" passed="8">
  <reporter-output>
  </reporter-output>
  <suite name="Regression Suite " duration-ms="21497" started-at="2021-01-13T05:24:11Z" finished-at="2021-01-13T05:24:32Z">
    <groups>
    </groups>
    <test name="LoginIntoSurveyMonkeyApplication Test" duration-ms="21428" started-at="2021-01-13T05:24:11Z" finished-at="2021-01-13T05:24:32Z">
      <class name="testNGConcepts.TC003_LoginIntoSurveyMonkeyApplication">
        <test-method status="PASS" signature="invokeApplication()[pri:1, instance:testNGConcepts.TC003_LoginIntoSurveyMonkeyApplication@113f5bc]" name="invokeApplication" duration-ms="11110" started-at="2021-01-13T05:24:11Z" finished-at="2021-01-13T05:24:22Z">
          <reporter-output>
          </reporter-output>
        </test-method> <!-- invokeApplication -->
        <test-method status="PASS" signature="loginIntoApplication()[pri:2, instance:testNGConcepts.TC003_LoginIntoSurveyMonkeyApplication@113f5bc]" name="loginIntoApplication" duration-ms="9211" started-at="2021-01-13T05:24:22Z" finished-at="2021-01-13T05:24:31Z">
          <reporter-output>
          </reporter-output>
        </test-method> <!-- loginIntoApplication -->
        <test-method status="PASS" signature="logout()[pri:3, instance:testNGConcepts.TC003_LoginIntoSurveyMonkeyApplication@113f5bc]" name="logout" duration-ms="1075" started-at="2021-01-13T05:24:31Z" finished-at="2021-01-13T05:24:32Z">
          <reporter-output>
          </reporter-output>
        </test-method> <!-- logout -->
      </class> <!-- testNGConcepts.TC003_LoginIntoSurveyMonkeyApplication -->
    </test> <!-- LoginIntoSurveyMonkeyApplication Test -->
    <test name="DisplayMessages Test" duration-ms="5" started-at="2021-01-13T05:24:32Z" finished-at="2021-01-13T05:24:32Z">
      <class name="testNGConcepts.TC001_DisplayMessages">
        <test-method status="PASS" signature="displayMessage()[pri:0, instance:testNGConcepts.TC001_DisplayMessages@11473ab]" name="displayMessage" duration-ms="1" started-at="2021-01-13T05:24:32Z" finished-at="2021-01-13T05:24:32Z">
          <reporter-output>
          </reporter-output>
        </test-method> <!-- displayMessage -->
        <test-method status="PASS" signature="displayName()[pri:0, instance:testNGConcepts.TC001_DisplayMessages@11473ab]" name="displayName" duration-ms="1" started-at="2021-01-13T05:24:32Z" finished-at="2021-01-13T05:24:32Z">
          <reporter-output>
          </reporter-output>
        </test-method> <!-- displayName -->
      </class> <!-- testNGConcepts.TC001_DisplayMessages -->
    </test> <!-- DisplayMessages Test -->
    <test name="TestCasesPriority Test" duration-ms="8" started-at="2021-01-13T05:24:32Z" finished-at="2021-01-13T05:24:32Z">
      <class name="testNGConcepts.TC002_TestCasesPriority">
        <test-method status="PASS" signature="login()[pri:1, instance:testNGConcepts.TC002_TestCasesPriority@e92f8f]" name="login" duration-ms="0" started-at="2021-01-13T05:24:32Z" finished-at="2021-01-13T05:24:32Z">
          <reporter-output>
          </reporter-output>
        </test-method> <!-- login -->
        <test-method status="PASS" signature="bookTickets()[pri:2, instance:testNGConcepts.TC002_TestCasesPriority@e92f8f]" name="bookTickets" duration-ms="1" started-at="2021-01-13T05:24:32Z" finished-at="2021-01-13T05:24:32Z">
          <reporter-output>
          </reporter-output>
        </test-method> <!-- bookTickets -->
        <test-method status="PASS" signature="logout()[pri:3, instance:testNGConcepts.TC002_TestCasesPriority@e92f8f]" name="logout" duration-ms="1" started-at="2021-01-13T05:24:32Z" finished-at="2021-01-13T05:24:32Z">
          <reporter-output>
          </reporter-output>
        </test-method> <!-- logout -->
      </class> <!-- testNGConcepts.TC002_TestCasesPriority -->
    </test> <!-- TestCasesPriority Test -->
  </suite> <!-- Regression Suite  -->
</testng-results>
